<?xml version="1.0" encoding="UTF-8"?>
<!-- Generated by org.testng.reporters.JUnitXMLReporter -->
<testsuite ignored="0" hostname="C02HG87DQ6L5" failures="0" tests="20" name="Default test" time="3.229" errors="0" timestamp="2022-12-18T14:28:36 IST">
  <testcase classname="com.javapoint.controller.MovieControllerTest" name="addMovie" time="0.455"/>
  <testcase classname="com.javapoint.controller.MovieControllerTest" name="updateMovie" time="0.148"/>
  <testcase classname="com.javapoint.controller.MovieControllerTest" name="getMovie" time="0.139"/>
  <testcase classname="com.javapoint.controller.MovieControllerTest" name="deleteMovie" time="0.119"/>
  <testcase classname="com.javapoint.controller.UserControllerTest" name="addUser" time="0.133"/>
  <testcase classname="com.javapoint.controller.UserControllerTest" name="updateUser" time="0.121"/>
  <testcase classname="com.javapoint.controller.UserControllerTest" name="getUser" time="0.119"/>
  <testcase classname="com.javapoint.controller.UserControllerTest" name="deleteUser" time="0.116"/>
  <testcase classname="com.javapoint.controller.ActorControllerTest" name="addActor" time="0.129"/>
  <testcase classname="com.javapoint.controller.ActorControllerTest" name="updateActor" time="0.12"/>
  <testcase classname="com.javapoint.controller.ActorControllerTest" name="getActor" time="0.112"/>
  <testcase classname="com.javapoint.controller.ActorControllerTest" name="deleteActor" time="0.126"/>
  <testcase classname="com.javapoint.controller.ReviewControllerTest" name="addReview" time="0.136"/>
  <testcase classname="com.javapoint.controller.ReviewControllerTest" name="updateReview" time="0.123"/>
  <testcase classname="com.javapoint.controller.ReviewControllerTest" name="getReview" time="0.122"/>
  <testcase classname="com.javapoint.controller.ReviewControllerTest" name="deleteReview" time="0.129"/>
  <testcase classname="com.javapoint.controller.RoleControllerTest" name="addRole" time="0.125"/>
  <testcase classname="com.javapoint.controller.RoleControllerTest" name="updateRole" time="0.117"/>
  <testcase classname="com.javapoint.controller.RoleControllerTest" name="getRole" time="0.12"/>
  <testcase classname="com.javapoint.controller.RoleControllerTest" name="deleteRole" time="0.115"/>
</testsuite> <!-- Default test -->
